[13:32:24] [Server thread/INFO]: Starting minecraft server version 1.9
[13:32:24] [Server thread/WARN]: To start the server with more ram, launch it as "java -Xmx1024M -Xms1024M -jar minecraft_server.jar"
[13:32:24] [Server thread/INFO]: Loading properties
[13:32:24] [Server thread/INFO]: Default game type: SURVIVAL
[13:32:24] [Server thread/INFO]: This server is running CraftBukkit version git-Spigot-7d15d07-c194444 (MC: 1.9) (Implementing API version 1.9-SNAPSHOT)
[13:32:24] [Server thread/INFO]: Server Ping Player Sample Count: 12
[13:32:24] [Server thread/INFO]: Using 4 threads for Netty based IO
[13:32:24] [Server thread/INFO]: Debug logging is disabled
[13:32:24] [Server thread/INFO]: Generating keypair
[13:32:24] [Server thread/INFO]: Starting Minecraft server on 192.168.10.109:25565
[13:32:25] [Server thread/INFO]: Using default channel type
[13:32:25] [Server thread/INFO]: Set PluginClassLoader as parallel capable
[13:32:25] [Server thread/INFO]: [GroupManager] Loading GroupManager v2.0.1-b332
[13:32:25] [Server thread/INFO]: [WorldEdit] Loading WorldEdit v6.1.2;b3fbe8b
[13:32:25] [Server thread/INFO]: [MCDonate] Loading MCDonate v0.20
[13:32:25] [Server thread/INFO]: [CommandBook] Loading CommandBook v2.5-SNAPSHOT.1757-
[13:32:25] [Server thread/INFO]: [CCLogger] Loading CCLogger v3.3.3
[13:32:25] [Server thread/INFO]: [FakeOP] Loading FakeOP v2.2
[13:32:25] [Server thread/INFO]: [PermissionsEx] Loading PermissionsEx v1.23.4
[13:32:25] [Server thread/WARN]: [PermissionsEx] This server is in offline mode. Unless this server is configured to integrate with a supported proxy (see http://dft.ba/-8ous), UUIDs *may not be stable*!
[13:32:25] [Server thread/INFO]: [WorldGuard] Loading WorldGuard v6.1
[13:32:25] [Server thread/INFO]: [RainbowArmour] Loading RainbowArmour v1.6.9.2
[13:32:25] [Server thread/INFO]: [ChatManagerPlus] Loading ChatManagerPlus v1.3.2
[13:32:25] [Server thread/INFO]: [CustomJoinItems] Loading CustomJoinItems v1.5.2
[13:32:25] [Server thread/INFO]: [iConomy] Loading iConomy v7.0
[13:32:25] [Server thread/INFO]: [AuthMe] Loading AuthMe v2.5
[13:32:25] [Server thread/INFO]: [ChestCommands] Loading ChestCommands v3.1.4
[13:32:25] [Server thread/INFO]: [MarriageMaster] Loading MarriageMaster v1.29.1
[13:32:25] [Server thread/INFO]: [Modifyworld] Loading Modifyworld v1.19.7
[13:32:25] [Server thread/INFO]: [SimpleClans] Loading SimpleClans v2.4.1
[13:32:25] [Server thread/INFO]: [Essentials] Loading Essentials v2.0.1-b421
[13:32:25] [Server thread/INFO]: [EssentialsXMPP] Loading EssentialsXMPP v2.0.1-b421
[13:32:25] [Server thread/INFO]: [ChatManager] Loading ChatManager v1.19.1
[13:32:25] [Server thread/INFO]: [EssentialsProtect] Loading EssentialsProtect v2.0.1-b421
[13:32:25] [Server thread/INFO]: [EssentialsSpawn] Loading EssentialsSpawn v2.0.1-b421
[13:32:25] [Server thread/INFO]: [EssentialsGeoIP] Loading EssentialsGeoIP v2.0.1-b421
[13:32:25] [Server thread/INFO]: [EssentialsAntiBuild] Loading EssentialsAntiBuild v2.0.1-b421
[13:32:25] [Server thread/INFO]: [EssentialsChat] Loading EssentialsChat v2.0.1-b421
[13:32:25] [Server thread/WARN]: **** SERVER IS RUNNING IN OFFLINE/INSECURE MODE!
[13:32:25] [Server thread/WARN]: The server will make no attempt to authenticate usernames. Beware.
[13:32:25] [Server thread/WARN]: While this makes the game possible to play without internet access, it also opens up the ability for hackers to connect with any username they choose.
[13:32:25] [Server thread/WARN]: To change this, set "online-mode" to "true" in the server.properties file.
[13:32:25] [Server thread/INFO]: **** Beginning UUID conversion, this may take A LONG time ****
[13:32:25] [Server thread/INFO]: Preparing level "world"
[13:32:25] [Server thread/INFO]: -------- World Settings For [world] --------
[13:32:25] [Server thread/INFO]: Allow Zombie Pigmen to spawn from portal blocks: true
[13:32:25] [Server thread/INFO]: Item Despawn Rate: 6000
[13:32:25] [Server thread/INFO]: Item Merge Radius: 2.5
[13:32:25] [Server thread/INFO]: Arrow Despawn Rate: 1200
[13:32:25] [Server thread/INFO]: View Distance: 10
[13:32:25] [Server thread/INFO]: Zombie Aggressive Towards Villager: true
[13:32:25] [Server thread/INFO]: Experience Merge Radius: 3.0
[13:32:25] [Server thread/INFO]: Mob Spawn Range: 4
[13:32:25] [Server thread/INFO]: Entity Tracking Range: Pl 48 / An 48 / Mo 48 / Mi 32 / Other 64
[13:32:25] [Server thread/INFO]: Random Lighting Updates: false
[13:32:25] [Server thread/INFO]: Structure Info Saving: true
[13:32:25] [Server thread/INFO]: Max TNT Explosions: 100
[13:32:25] [Server thread/INFO]: Tile Max Tick Time: 50ms Entity max Tick Time: 50ms
[13:32:25] [Server thread/INFO]: Hopper Transfer: 8 Hopper Check: 8 Hopper Amount: 1
[13:32:25] [Server thread/INFO]: Nerfing mobs spawned from spawners: false
[13:32:25] [Server thread/INFO]: Max Entity Collisions: 8
[13:32:25] [Server thread/INFO]: Cactus Growth Modifier: 100%
[13:32:25] [Server thread/INFO]: Cane Growth Modifier: 100%
[13:32:25] [Server thread/INFO]: Melon Growth Modifier: 100%
[13:32:25] [Server thread/INFO]: Mushroom Growth Modifier: 100%
[13:32:25] [Server thread/INFO]: Pumpkin Growth Modifier: 100%
[13:32:25] [Server thread/INFO]: Sapling Growth Modifier: 100%
[13:32:25] [Server thread/INFO]: Wheat Growth Modifier: 100%
[13:32:25] [Server thread/INFO]: NetherWart Growth Modifier: 100%
[13:32:25] [Server thread/INFO]: Entity Activation Range: An 32 / Mo 32 / Mi 16
[13:32:25] [Server thread/INFO]: Custom Map Seeds:  Village: 10387312 Feature: 14357617
[13:32:25] [Server thread/INFO]: -------- World Settings For [world_nether] --------
[13:32:25] [Server thread/INFO]: Allow Zombie Pigmen to spawn from portal blocks: true
[13:32:25] [Server thread/INFO]: Item Despawn Rate: 6000
[13:32:25] [Server thread/INFO]: Item Merge Radius: 2.5
[13:32:25] [Server thread/INFO]: Arrow Despawn Rate: 1200
[13:32:25] [Server thread/INFO]: View Distance: 10
[13:32:25] [Server thread/INFO]: Zombie Aggressive Towards Villager: true
[13:32:25] [Server thread/INFO]: Experience Merge Radius: 3.0
[13:32:25] [Server thread/INFO]: Mob Spawn Range: 4
[13:32:25] [Server thread/INFO]: Entity Tracking Range: Pl 48 / An 48 / Mo 48 / Mi 32 / Other 64
[13:32:25] [Server thread/INFO]: Random Lighting Updates: false
[13:32:25] [Server thread/INFO]: Structure Info Saving: true
[13:32:25] [Server thread/INFO]: Max TNT Explosions: 100
[13:32:25] [Server thread/INFO]: Tile Max Tick Time: 50ms Entity max Tick Time: 50ms
[13:32:25] [Server thread/INFO]: Hopper Transfer: 8 Hopper Check: 8 Hopper Amount: 1
[13:32:25] [Server thread/INFO]: Nerfing mobs spawned from spawners: false
[13:32:25] [Server thread/INFO]: Max Entity Collisions: 8
[13:32:25] [Server thread/INFO]: Cactus Growth Modifier: 100%
[13:32:25] [Server thread/INFO]: Cane Growth Modifier: 100%
[13:32:25] [Server thread/INFO]: Melon Growth Modifier: 100%
[13:32:25] [Server thread/INFO]: Mushroom Growth Modifier: 100%
[13:32:25] [Server thread/INFO]: Pumpkin Growth Modifier: 100%
[13:32:25] [Server thread/INFO]: Sapling Growth Modifier: 100%
[13:32:25] [Server thread/INFO]: Wheat Growth Modifier: 100%
[13:32:25] [Server thread/INFO]: NetherWart Growth Modifier: 100%
[13:32:25] [Server thread/INFO]: Entity Activation Range: An 32 / Mo 32 / Mi 16
[13:32:25] [Server thread/INFO]: Custom Map Seeds:  Village: 10387312 Feature: 14357617
[13:32:25] [Server thread/INFO]: -------- World Settings For [world_the_end] --------
[13:32:25] [Server thread/INFO]: Allow Zombie Pigmen to spawn from portal blocks: true
[13:32:25] [Server thread/INFO]: Item Despawn Rate: 6000
[13:32:25] [Server thread/INFO]: Item Merge Radius: 2.5
[13:32:25] [Server thread/INFO]: Arrow Despawn Rate: 1200
[13:32:25] [Server thread/INFO]: View Distance: 10
[13:32:25] [Server thread/INFO]: Zombie Aggressive Towards Villager: true
[13:32:25] [Server thread/INFO]: Experience Merge Radius: 3.0
[13:32:25] [Server thread/INFO]: Mob Spawn Range: 4
[13:32:25] [Server thread/INFO]: Entity Tracking Range: Pl 48 / An 48 / Mo 48 / Mi 32 / Other 64
[13:32:25] [Server thread/INFO]: Random Lighting Updates: false
[13:32:25] [Server thread/INFO]: Structure Info Saving: true
[13:32:25] [Server thread/INFO]: Max TNT Explosions: 100
[13:32:25] [Server thread/INFO]: Tile Max Tick Time: 50ms Entity max Tick Time: 50ms
[13:32:25] [Server thread/INFO]: Hopper Transfer: 8 Hopper Check: 8 Hopper Amount: 1
[13:32:25] [Server thread/INFO]: Nerfing mobs spawned from spawners: false
[13:32:25] [Server thread/INFO]: Max Entity Collisions: 8
[13:32:25] [Server thread/INFO]: Cactus Growth Modifier: 100%
[13:32:25] [Server thread/INFO]: Cane Growth Modifier: 100%
[13:32:25] [Server thread/INFO]: Melon Growth Modifier: 100%
[13:32:25] [Server thread/INFO]: Mushroom Growth Modifier: 100%
[13:32:25] [Server thread/INFO]: Pumpkin Growth Modifier: 100%
[13:32:25] [Server thread/INFO]: Sapling Growth Modifier: 100%
[13:32:25] [Server thread/INFO]: Wheat Growth Modifier: 100%
[13:32:25] [Server thread/INFO]: NetherWart Growth Modifier: 100%
[13:32:25] [Server thread/INFO]: Entity Activation Range: An 32 / Mo 32 / Mi 16
[13:32:25] [Server thread/INFO]: Custom Map Seeds:  Village: 10387312 Feature: 14357617
[13:32:25] [Server thread/INFO]: Preparing start region for level 0 (Seed: 2980511277220216056)
[13:32:26] [Server thread/INFO]: Preparing spawn area: 13%
[13:32:27] [Server thread/INFO]: Preparing spawn area: 44%
[13:32:28] [Server thread/INFO]: Preparing spawn area: 71%
[13:32:29] [Server thread/INFO]: Preparing start region for level 1 (Seed: 2980511277220216056)
[13:32:30] [Server thread/INFO]: Preparing spawn area: 42%
[13:32:31] [Server thread/INFO]: Preparing spawn area: 85%
[13:32:31] [Server thread/INFO]: Preparing start region for level 2 (Seed: 2980511277220216056)
[13:32:32] [Server thread/INFO]: [GroupManager] Enabling GroupManager v2.0.1-b332
[13:32:32] [Server thread/INFO]: GroupManager - INFO - World Found: world
[13:32:32] [Server thread/INFO]: GroupManager - INFO - Superperms support enabled.
[13:32:32] [Server thread/INFO]: GroupManager - INFO - Scheduled Data Saving is set for every 10 minutes!
[13:32:32] [Server thread/INFO]: GroupManager - INFO - Backups will be retained for 24 hours!
[13:32:32] [Server thread/INFO]: GroupManager version 2.0.1-b332 is enabled!
[13:32:32] [Server thread/INFO]: [WorldEdit] Enabling WorldEdit v6.1.2;b3fbe8b
[13:32:32] [Server thread/INFO]: WEPIF: GroupManager detected! Using GroupManager for permissions.
[13:32:32] [Server thread/INFO]: [WorldEdit] Using com.sk89q.worldedit.bukkit.adapter.impl.Spigot_v1_9_R1 as the Bukkit adapter
[13:32:32] [Server thread/WARN]: [WorldEdit] WorldEdit has detected you are using Java 7 (based on detected version 1.7.0_71).
[13:32:32] [Server thread/WARN]: [WorldEdit] WorldEdit will stop supporting Java less than version 8 in the future, due to Java 7 being EOL since April 2015. Please update your server to Java 8.
[13:32:32] [Server thread/INFO]: [MCDonate] Enabling MCDonate v0.20
[13:32:32] [Server thread/INFO]: [MCDonate]: Version 0.25 run!
[13:32:32] [Server thread/ERROR]: Cannot load plugins\MCDonate\config.yml
org.bukkit.configuration.InvalidConfigurationException: mapping values are not allowed here
 in 'string', line 1, column 17:
    login: skobka228: test
                    ^

	at org.bukkit.configuration.file.YamlConfiguration.loadFromString(YamlConfiguration.java:56) ~[spigot.jar:git-Spigot-7d15d07-c194444]
	at org.bukkit.configuration.file.FileConfiguration.load(FileConfiguration.java:191) ~[spigot.jar:git-Spigot-7d15d07-c194444]
	at org.bukkit.configuration.file.FileConfiguration.load(FileConfiguration.java:134) ~[spigot.jar:git-Spigot-7d15d07-c194444]
	at org.bukkit.configuration.file.YamlConfiguration.loadConfiguration(YamlConfiguration.java:179) [spigot.jar:git-Spigot-7d15d07-c194444]
	at org.bukkit.plugin.java.JavaPlugin.reloadConfig(JavaPlugin.java:187) [spigot.jar:git-Spigot-7d15d07-c194444]
	at org.bukkit.plugin.java.JavaPlugin.getConfig(JavaPlugin.java:162) [spigot.jar:git-Spigot-7d15d07-c194444]
	at ru.MCDonate.Main.loadConfig(Main.java:134) [MCDonate.jar:?]
	at ru.MCDonate.Main.onEnable(Main.java:39) [MCDonate.jar:?]
	at org.bukkit.plugin.java.JavaPlugin.setEnabled(JavaPlugin.java:291) [spigot.jar:git-Spigot-7d15d07-c194444]
	at org.bukkit.plugin.java.JavaPluginLoader.enablePlugin(JavaPluginLoader.java:340) [spigot.jar:git-Spigot-7d15d07-c194444]
	at org.bukkit.plugin.SimplePluginManager.enablePlugin(SimplePluginManager.java:405) [spigot.jar:git-Spigot-7d15d07-c194444]
	at org.bukkit.craftbukkit.v1_9_R1.CraftServer.loadPlugin(CraftServer.java:361) [spigot.jar:git-Spigot-7d15d07-c194444]
	at org.bukkit.craftbukkit.v1_9_R1.CraftServer.enablePlugins(CraftServer.java:321) [spigot.jar:git-Spigot-7d15d07-c194444]
	at net.minecraft.server.v1_9_R1.MinecraftServer.t(MinecraftServer.java:411) [spigot.jar:git-Spigot-7d15d07-c194444]
	at net.minecraft.server.v1_9_R1.MinecraftServer.l(MinecraftServer.java:376) [spigot.jar:git-Spigot-7d15d07-c194444]
	at net.minecraft.server.v1_9_R1.MinecraftServer.a(MinecraftServer.java:331) [spigot.jar:git-Spigot-7d15d07-c194444]
	at net.minecraft.server.v1_9_R1.DedicatedServer.init(DedicatedServer.java:269) [spigot.jar:git-Spigot-7d15d07-c194444]
	at net.minecraft.server.v1_9_R1.MinecraftServer.run(MinecraftServer.java:522) [spigot.jar:git-Spigot-7d15d07-c194444]
	at java.lang.Thread.run(Unknown Source) [?:1.7.0_71]
Caused by: org.yaml.snakeyaml.scanner.ScannerException: mapping values are not allowed here
 in 'string', line 1, column 17:
    login: skobka228: test
                    ^

	at org.yaml.snakeyaml.scanner.ScannerImpl.fetchValue(ScannerImpl.java:871) ~[spigot.jar:git-Spigot-7d15d07-c194444]
	at org.yaml.snakeyaml.scanner.ScannerImpl.fetchMoreTokens(ScannerImpl.java:360) ~[spigot.jar:git-Spigot-7d15d07-c194444]
	at org.yaml.snakeyaml.scanner.ScannerImpl.checkToken(ScannerImpl.java:226) ~[spigot.jar:git-Spigot-7d15d07-c194444]
	at org.yaml.snakeyaml.parser.ParserImpl$ParseBlockMappingKey.produce(ParserImpl.java:558) ~[spigot.jar:git-Spigot-7d15d07-c194444]
	at org.yaml.snakeyaml.parser.ParserImpl.peekEvent(ParserImpl.java:158) ~[spigot.jar:git-Spigot-7d15d07-c194444]
	at org.yaml.snakeyaml.parser.ParserImpl.checkEvent(ParserImpl.java:143) ~[spigot.jar:git-Spigot-7d15d07-c194444]
	at org.yaml.snakeyaml.composer.Composer.composeMappingNode(Composer.java:224) ~[spigot.jar:git-Spigot-7d15d07-c194444]
	at org.yaml.snakeyaml.composer.Composer.composeNode(Composer.java:155) ~[spigot.jar:git-Spigot-7d15d07-c194444]
	at org.yaml.snakeyaml.composer.Composer.composeDocument(Composer.java:122) ~[spigot.jar:git-Spigot-7d15d07-c194444]
	at org.yaml.snakeyaml.composer.Composer.getSingleNode(Composer.java:105) ~[spigot.jar:git-Spigot-7d15d07-c194444]
	at org.yaml.snakeyaml.constructor.BaseConstructor.getSingleData(BaseConstructor.java:120) ~[spigot.jar:git-Spigot-7d15d07-c194444]
	at org.yaml.snakeyaml.Yaml.loadFromReader(Yaml.java:450) ~[spigot.jar:git-Spigot-7d15d07-c194444]
	at org.yaml.snakeyaml.Yaml.load(Yaml.java:369) ~[spigot.jar:git-Spigot-7d15d07-c194444]
	at org.bukkit.configuration.file.YamlConfiguration.loadFromString(YamlConfiguration.java:54) ~[spigot.jar:git-Spigot-7d15d07-c194444]
	... 18 more
[13:32:32] [Server thread/INFO]: [MCDonate] Choosed a connection: 51.255.44.66:9999
[13:32:32] [Server thread/ERROR]: Error occurred while enabling MCDonate v0.20 (Is it up to date?)
java.lang.NullPointerException
	at ru.MCDonate.Main.onEnable(Main.java:45) ~[?:?]
	at org.bukkit.plugin.java.JavaPlugin.setEnabled(JavaPlugin.java:291) ~[spigot.jar:git-Spigot-7d15d07-c194444]
	at org.bukkit.plugin.java.JavaPluginLoader.enablePlugin(JavaPluginLoader.java:340) [spigot.jar:git-Spigot-7d15d07-c194444]
	at org.bukkit.plugin.SimplePluginManager.enablePlugin(SimplePluginManager.java:405) [spigot.jar:git-Spigot-7d15d07-c194444]
	at org.bukkit.craftbukkit.v1_9_R1.CraftServer.loadPlugin(CraftServer.java:361) [spigot.jar:git-Spigot-7d15d07-c194444]
	at org.bukkit.craftbukkit.v1_9_R1.CraftServer.enablePlugins(CraftServer.java:321) [spigot.jar:git-Spigot-7d15d07-c194444]
	at net.minecraft.server.v1_9_R1.MinecraftServer.t(MinecraftServer.java:411) [spigot.jar:git-Spigot-7d15d07-c194444]
	at net.minecraft.server.v1_9_R1.MinecraftServer.l(MinecraftServer.java:376) [spigot.jar:git-Spigot-7d15d07-c194444]
	at net.minecraft.server.v1_9_R1.MinecraftServer.a(MinecraftServer.java:331) [spigot.jar:git-Spigot-7d15d07-c194444]
	at net.minecraft.server.v1_9_R1.DedicatedServer.init(DedicatedServer.java:269) [spigot.jar:git-Spigot-7d15d07-c194444]
	at net.minecraft.server.v1_9_R1.MinecraftServer.run(MinecraftServer.java:522) [spigot.jar:git-Spigot-7d15d07-c194444]
	at java.lang.Thread.run(Unknown Source) [?:1.7.0_71]
[13:32:32] [Server thread/INFO]: [CommandBook] Enabling CommandBook v2.5-SNAPSHOT.1757-
[13:32:32] [Server thread/INFO]: [CommandBook] Maximum wrapper compatibility is enabled. Some features have been disabled to be compatible with poorly written server wrappers.
[13:32:33] [Server thread/INFO]: [CommandBook] 0 Homes(s) loaded
[13:32:33] [Server thread/INFO]: [CommandBook] 1 Warps(s) loaded
[13:32:33] [Server thread/INFO]: [CommandBook] 1 kit(s) loaded.
[13:32:33] [Server thread/INFO]: [CCLogger] Enabling CCLogger v3.3.3
[13:32:33] [Server thread/INFO]: [CCLogger] SQLibrary is missing from your plugins. It is required for database use! Please install SQLibrary!
[13:32:33] [Server thread/INFO]: [CCLogger] has been enabled.
[13:32:33] [Server thread/INFO]: [FakeOP] Enabling FakeOP v2.2
[13:32:33] [Server thread/INFO]: [PermissionsEx] Enabling PermissionsEx v1.23.4
[13:32:33] [Server thread/INFO]: [PermissionsEx] Initializing file backend
[13:32:33] [Server thread/ERROR]: [PermissionsEx] 
========== UNABLE TO LOAD PERMISSIONS BACKEND =========
Your configuration must be fixed before PEX will enable
Details: Error loading permissions file!
=======================================================
ru.tehkode.permissions.exceptions.PermissionBackendException: Error loading permissions file!
	at ru.tehkode.permissions.backends.file.FileBackend.reload(FileBackend.java:321) ~[PermissionsEx-1.23.4.jar:?]
	at ru.tehkode.permissions.backends.file.FileBackend.<init>(FileBackend.java:120) ~[PermissionsEx-1.23.4.jar:?]
	at sun.reflect.NativeConstructorAccessorImpl.newInstance0(Native Method) ~[?:1.7.0_71]
	at sun.reflect.NativeConstructorAccessorImpl.newInstance(Unknown Source) ~[?:1.7.0_71]
	at sun.reflect.DelegatingConstructorAccessorImpl.newInstance(Unknown Source) ~[?:1.7.0_71]
	at java.lang.reflect.Constructor.newInstance(Unknown Source) ~[?:1.7.0_71]
	at ru.tehkode.permissions.backends.PermissionBackend.getBackend(PermissionBackend.java:392) ~[PermissionsEx-1.23.4.jar:?]
	at ru.tehkode.permissions.backends.PermissionBackend.getBackend(PermissionBackend.java:367) ~[PermissionsEx-1.23.4.jar:?]
	at ru.tehkode.permissions.PermissionManager.createBackend(PermissionManager.java:624) ~[PermissionsEx-1.23.4.jar:?]
	at ru.tehkode.permissions.PermissionManager.setBackend(PermissionManager.java:606) ~[PermissionsEx-1.23.4.jar:?]
	at ru.tehkode.permissions.PermissionManager.initBackend(PermissionManager.java:693) ~[PermissionsEx-1.23.4.jar:?]
	at ru.tehkode.permissions.PermissionManager.<init>(PermissionManager.java:67) ~[PermissionsEx-1.23.4.jar:?]
	at ru.tehkode.permissions.bukkit.PermissionsEx.onEnable(PermissionsEx.java:175) [PermissionsEx-1.23.4.jar:?]
	at org.bukkit.plugin.java.JavaPlugin.setEnabled(JavaPlugin.java:291) [spigot.jar:git-Spigot-7d15d07-c194444]
	at org.bukkit.plugin.java.JavaPluginLoader.enablePlugin(JavaPluginLoader.java:340) [spigot.jar:git-Spigot-7d15d07-c194444]
	at org.bukkit.plugin.SimplePluginManager.enablePlugin(SimplePluginManager.java:405) [spigot.jar:git-Spigot-7d15d07-c194444]
	at org.bukkit.craftbukkit.v1_9_R1.CraftServer.loadPlugin(CraftServer.java:361) [spigot.jar:git-Spigot-7d15d07-c194444]
	at org.bukkit.craftbukkit.v1_9_R1.CraftServer.enablePlugins(CraftServer.java:321) [spigot.jar:git-Spigot-7d15d07-c194444]
	at net.minecraft.server.v1_9_R1.MinecraftServer.t(MinecraftServer.java:411) [spigot.jar:git-Spigot-7d15d07-c194444]
	at net.minecraft.server.v1_9_R1.MinecraftServer.l(MinecraftServer.java:376) [spigot.jar:git-Spigot-7d15d07-c194444]
	at net.minecraft.server.v1_9_R1.MinecraftServer.a(MinecraftServer.java:331) [spigot.jar:git-Spigot-7d15d07-c194444]
	at net.minecraft.server.v1_9_R1.DedicatedServer.init(DedicatedServer.java:269) [spigot.jar:git-Spigot-7d15d07-c194444]
	at net.minecraft.server.v1_9_R1.MinecraftServer.run(MinecraftServer.java:522) [spigot.jar:git-Spigot-7d15d07-c194444]
	at java.lang.Thread.run(Unknown Source) [?:1.7.0_71]
Caused by: org.bukkit.configuration.InvalidConfigurationException: mapping values are not allowed here
 in 'string', line 247, column 17:
         inheritance:
                    ^

	at org.bukkit.configuration.file.YamlConfiguration.loadFromString(YamlConfiguration.java:56) ~[spigot.jar:git-Spigot-7d15d07-c194444]
	at ru.tehkode.permissions.backends.file.FileConfig.loadFromString(FileConfig.java:68) ~[PermissionsEx-1.23.4.jar:?]
	at org.bukkit.configuration.file.FileConfiguration.load(FileConfiguration.java:191) ~[spigot.jar:git-Spigot-7d15d07-c194444]
	at org.bukkit.configuration.file.FileConfiguration.load(FileConfiguration.java:134) ~[spigot.jar:git-Spigot-7d15d07-c194444]
	at ru.tehkode.permissions.backends.file.FileConfig.load(FileConfig.java:38) ~[PermissionsEx-1.23.4.jar:?]
	at ru.tehkode.permissions.backends.file.FileBackend.reload(FileBackend.java:309) ~[PermissionsEx-1.23.4.jar:?]
	... 23 more
Caused by: org.yaml.snakeyaml.scanner.ScannerException: mapping values are not allowed here
 in 'string', line 247, column 17:
         inheritance:
                    ^

	at org.yaml.snakeyaml.scanner.ScannerImpl.fetchValue(ScannerImpl.java:871) ~[spigot.jar:git-Spigot-7d15d07-c194444]
	at org.yaml.snakeyaml.scanner.ScannerImpl.fetchMoreTokens(ScannerImpl.java:360) ~[spigot.jar:git-Spigot-7d15d07-c194444]
	at org.yaml.snakeyaml.scanner.ScannerImpl.checkToken(ScannerImpl.java:226) ~[spigot.jar:git-Spigot-7d15d07-c194444]
	at org.yaml.snakeyaml.parser.ParserImpl$ParseBlockMappingKey.produce(ParserImpl.java:558) ~[spigot.jar:git-Spigot-7d15d07-c194444]
	at org.yaml.snakeyaml.parser.ParserImpl.peekEvent(ParserImpl.java:158) ~[spigot.jar:git-Spigot-7d15d07-c194444]
	at org.yaml.snakeyaml.parser.ParserImpl.checkEvent(ParserImpl.java:143) ~[spigot.jar:git-Spigot-7d15d07-c194444]
	at org.yaml.snakeyaml.composer.Composer.composeMappingNode(Composer.java:224) ~[spigot.jar:git-Spigot-7d15d07-c194444]
	at org.yaml.snakeyaml.composer.Composer.composeNode(Composer.java:155) ~[spigot.jar:git-Spigot-7d15d07-c194444]
	at org.yaml.snakeyaml.composer.Composer.composeMappingNode(Composer.java:229) ~[spigot.jar:git-Spigot-7d15d07-c194444]
	at org.yaml.snakeyaml.composer.Composer.composeNode(Composer.java:155) ~[spigot.jar:git-Spigot-7d15d07-c194444]
	at org.yaml.snakeyaml.composer.Composer.composeMappingNode(Composer.java:229) ~[spigot.jar:git-Spigot-7d15d07-c194444]
	at org.yaml.snakeyaml.composer.Composer.composeNode(Composer.java:155) ~[spigot.jar:git-Spigot-7d15d07-c194444]
	at org.yaml.snakeyaml.composer.Composer.composeDocument(Composer.java:122) ~[spigot.jar:git-Spigot-7d15d07-c194444]
	at org.yaml.snakeyaml.composer.Composer.getSingleNode(Composer.java:105) ~[spigot.jar:git-Spigot-7d15d07-c194444]
	at org.yaml.snakeyaml.constructor.BaseConstructor.getSingleData(BaseConstructor.java:120) ~[spigot.jar:git-Spigot-7d15d07-c194444]
	at org.yaml.snakeyaml.Yaml.loadFromReader(Yaml.java:450) ~[spigot.jar:git-Spigot-7d15d07-c194444]
	at org.yaml.snakeyaml.Yaml.load(Yaml.java:369) ~[spigot.jar:git-Spigot-7d15d07-c194444]
	at org.bukkit.configuration.file.YamlConfiguration.loadFromString(YamlConfiguration.java:54) ~[spigot.jar:git-Spigot-7d15d07-c194444]
	at ru.tehkode.permissions.backends.file.FileConfig.loadFromString(FileConfig.java:68) ~[PermissionsEx-1.23.4.jar:?]
	at org.bukkit.configuration.file.FileConfiguration.load(FileConfiguration.java:191) ~[spigot.jar:git-Spigot-7d15d07-c194444]
	at org.bukkit.configuration.file.FileConfiguration.load(FileConfiguration.java:134) ~[spigot.jar:git-Spigot-7d15d07-c194444]
	at ru.tehkode.permissions.backends.file.FileConfig.load(FileConfig.java:38) ~[PermissionsEx-1.23.4.jar:?]
	at ru.tehkode.permissions.backends.file.FileBackend.reload(FileBackend.java:309) ~[PermissionsEx-1.23.4.jar:?]
	... 23 more
[13:32:33] [Server thread/INFO]: [PermissionsEx] Disabling PermissionsEx v1.23.4
[13:32:33] [Server thread/INFO]: WEPIF: GroupManager detected! Using GroupManager for permissions.
[13:32:33] [Server thread/INFO]: WEPIF: GroupManager detected! Using GroupManager for permissions.
[13:32:33] [Server thread/INFO]: [WorldGuard] Enabling WorldGuard v6.1
[13:32:33] [Server thread/INFO]: [WorldGuard] (world) TNT ignition is PERMITTED.
[13:32:33] [Server thread/INFO]: [WorldGuard] (world) Lighters are PERMITTED.
[13:32:33] [Server thread/INFO]: [WorldGuard] (world) Lava fire is blocked.
[13:32:33] [Server thread/INFO]: [WorldGuard] (world) Fire spread is UNRESTRICTED.
[13:32:33] [Server thread/INFO]: [WorldGuard] Loaded configuration for world 'world'
[13:32:33] [Server thread/INFO]: [WorldGuard] (world_nether) TNT ignition is PERMITTED.
[13:32:33] [Server thread/INFO]: [WorldGuard] (world_nether) Lighters are PERMITTED.
[13:32:33] [Server thread/INFO]: [WorldGuard] (world_nether) Lava fire is blocked.
[13:32:33] [Server thread/INFO]: [WorldGuard] (world_nether) Fire spread is UNRESTRICTED.
[13:32:33] [Server thread/INFO]: [WorldGuard] Loaded configuration for world 'world_nether'
[13:32:33] [Server thread/INFO]: [WorldGuard] (world_the_end) TNT ignition is PERMITTED.
[13:32:33] [Server thread/INFO]: [WorldGuard] (world_the_end) Lighters are PERMITTED.
[13:32:33] [Server thread/INFO]: [WorldGuard] (world_the_end) Lava fire is blocked.
[13:32:33] [Server thread/INFO]: [WorldGuard] (world_the_end) Fire spread is UNRESTRICTED.
[13:32:33] [Server thread/INFO]: [WorldGuard] Loaded configuration for world 'world_the_end'
[13:32:33] [Server thread/INFO]: [WorldGuard] Loading region data...
[13:32:33] [Server thread/INFO]: [RainbowArmour] Enabling RainbowArmour v1.6.9.2
[13:32:33] [Server thread/ERROR]: [RainbowArmour] - Vault not found. Economy support will not work.
[13:32:33] [Server thread/INFO]: [ChatManagerPlus] Enabling ChatManagerPlus v1.3.2
[13:32:33] [Server thread/INFO]: ChatManagerPlus v1.3.2 by Henryjake121 has been enabled!
[13:32:33] [Server thread/INFO]: [CustomJoinItems] Enabling CustomJoinItems v1.5.2
[13:32:33] [Server thread/ERROR]: Error occurred while enabling CustomJoinItems v1.5.2 (Is it up to date?)
java.lang.NullPointerException
	at com.gmail.filoghost.customjoinitems.CustomJoinItems.load(CustomJoinItems.java:96) ~[?:?]
	at com.gmail.filoghost.customjoinitems.CustomJoinItems.onEnable(CustomJoinItems.java:33) ~[?:?]
	at org.bukkit.plugin.java.JavaPlugin.setEnabled(JavaPlugin.java:291) ~[spigot.jar:git-Spigot-7d15d07-c194444]
	at org.bukkit.plugin.java.JavaPluginLoader.enablePlugin(JavaPluginLoader.java:340) [spigot.jar:git-Spigot-7d15d07-c194444]
	at org.bukkit.plugin.SimplePluginManager.enablePlugin(SimplePluginManager.java:405) [spigot.jar:git-Spigot-7d15d07-c194444]
	at org.bukkit.craftbukkit.v1_9_R1.CraftServer.loadPlugin(CraftServer.java:361) [spigot.jar:git-Spigot-7d15d07-c194444]
	at org.bukkit.craftbukkit.v1_9_R1.CraftServer.enablePlugins(CraftServer.java:321) [spigot.jar:git-Spigot-7d15d07-c194444]
	at net.minecraft.server.v1_9_R1.MinecraftServer.t(MinecraftServer.java:411) [spigot.jar:git-Spigot-7d15d07-c194444]
	at net.minecraft.server.v1_9_R1.MinecraftServer.l(MinecraftServer.java:376) [spigot.jar:git-Spigot-7d15d07-c194444]
	at net.minecraft.server.v1_9_R1.MinecraftServer.a(MinecraftServer.java:331) [spigot.jar:git-Spigot-7d15d07-c194444]
	at net.minecraft.server.v1_9_R1.DedicatedServer.init(DedicatedServer.java:269) [spigot.jar:git-Spigot-7d15d07-c194444]
	at net.minecraft.server.v1_9_R1.MinecraftServer.run(MinecraftServer.java:522) [spigot.jar:git-Spigot-7d15d07-c194444]
	at java.lang.Thread.run(Unknown Source) [?:1.7.0_71]
[13:32:33] [Server thread/INFO]: [iConomy] Enabling iConomy v7.0
[13:32:33] [Server thread/INFO]: [iConomy - April Fools] Enabled (22 ms)
[13:32:33] [Server thread/INFO]: [iConomy] Hello, I'm Nijikokun. Yes, this is an April Fools joke, but '/money top' was fixed! Enjoy :) - Rare Version!
[13:32:33] [Server thread/INFO]: [AuthMe] Enabling AuthMe v2.5
[13:32:33] [Server thread/ERROR]: Error occurred while enabling AuthMe v2.5 (Is it up to date?)
java.lang.NoClassDefFoundError: org/bukkit/util/config/Configuration
	at java.lang.ClassLoader.defineClass1(Native Method) ~[?:1.7.0_71]
	at java.lang.ClassLoader.defineClass(Unknown Source) ~[?:1.7.0_71]
	at java.security.SecureClassLoader.defineClass(Unknown Source) ~[?:1.7.0_71]
	at java.net.URLClassLoader.defineClass(Unknown Source) ~[?:1.7.0_71]
	at java.net.URLClassLoader.access$100(Unknown Source) ~[?:1.7.0_71]
	at java.net.URLClassLoader$1.run(Unknown Source) ~[?:1.7.0_71]
	at java.net.URLClassLoader$1.run(Unknown Source) ~[?:1.7.0_71]
	at java.security.AccessController.doPrivileged(Native Method) ~[?:1.7.0_71]
	at java.net.URLClassLoader.findClass(Unknown Source) ~[?:1.7.0_71]
	at org.bukkit.plugin.java.PluginClassLoader.findClass(PluginClassLoader.java:101) ~[spigot.jar:git-Spigot-7d15d07-c194444]
	at org.bukkit.plugin.java.JavaPluginLoader.getClassByName(JavaPluginLoader.java:195) ~[spigot.jar:git-Spigot-7d15d07-c194444]
	at org.bukkit.plugin.java.PluginClassLoader.findClass(PluginClassLoader.java:97) ~[spigot.jar:git-Spigot-7d15d07-c194444]
	at org.bukkit.plugin.java.PluginClassLoader.findClass(PluginClassLoader.java:86) ~[spigot.jar:git-Spigot-7d15d07-c194444]
	at java.lang.ClassLoader.loadClass(Unknown Source) ~[?:1.7.0_71]
	at java.lang.ClassLoader.loadClass(Unknown Source) ~[?:1.7.0_71]
	at uk.org.whoami.authme.AuthMe.onEnable(AuthMe.java:60) ~[?:?]
	at org.bukkit.plugin.java.JavaPlugin.setEnabled(JavaPlugin.java:291) ~[spigot.jar:git-Spigot-7d15d07-c194444]
	at org.bukkit.plugin.java.JavaPluginLoader.enablePlugin(JavaPluginLoader.java:340) [spigot.jar:git-Spigot-7d15d07-c194444]
	at org.bukkit.plugin.SimplePluginManager.enablePlugin(SimplePluginManager.java:405) [spigot.jar:git-Spigot-7d15d07-c194444]
	at org.bukkit.craftbukkit.v1_9_R1.CraftServer.loadPlugin(CraftServer.java:361) [spigot.jar:git-Spigot-7d15d07-c194444]
	at org.bukkit.craftbukkit.v1_9_R1.CraftServer.enablePlugins(CraftServer.java:321) [spigot.jar:git-Spigot-7d15d07-c194444]
	at net.minecraft.server.v1_9_R1.MinecraftServer.t(MinecraftServer.java:411) [spigot.jar:git-Spigot-7d15d07-c194444]
	at net.minecraft.server.v1_9_R1.MinecraftServer.l(MinecraftServer.java:376) [spigot.jar:git-Spigot-7d15d07-c194444]
	at net.minecraft.server.v1_9_R1.MinecraftServer.a(MinecraftServer.java:331) [spigot.jar:git-Spigot-7d15d07-c194444]
	at net.minecraft.server.v1_9_R1.DedicatedServer.init(DedicatedServer.java:269) [spigot.jar:git-Spigot-7d15d07-c194444]
	at net.minecraft.server.v1_9_R1.MinecraftServer.run(MinecraftServer.java:522) [spigot.jar:git-Spigot-7d15d07-c194444]
	at java.lang.Thread.run(Unknown Source) [?:1.7.0_71]
Caused by: java.lang.ClassNotFoundException: org.bukkit.util.config.Configuration
	at org.bukkit.plugin.java.PluginClassLoader.findClass(PluginClassLoader.java:91) ~[spigot.jar:git-Spigot-7d15d07-c194444]
	at org.bukkit.plugin.java.PluginClassLoader.findClass(PluginClassLoader.java:86) ~[spigot.jar:git-Spigot-7d15d07-c194444]
	at java.lang.ClassLoader.loadClass(Unknown Source) ~[?:1.7.0_71]
	at java.lang.ClassLoader.loadClass(Unknown Source) ~[?:1.7.0_71]
	... 27 more
[13:32:33] [Server thread/INFO]: [ChestCommands] Enabling ChestCommands v3.1.4
[13:32:33] [Thread-13/INFO]: [iConomy - April Fools] Purged accounts with default balance.
[13:32:33] [Server thread/WARN]: [ChestCommands] Vault with a compatible economy plugin was not found! Icons with a PRICE or commands that give money will not work.
[13:32:34] [Server thread/INFO]: [MarriageMaster] Enabling MarriageMaster v1.29.1
[13:32:34] [Server thread/WARN]: [MarriageMaster] You are still using Java 1.7. Java 1.7 ist EOL for over a year now! You should really update to Java 1.8!
[13:32:34] [Server thread/INFO]: [MarriageMaster] For now I this plugin will still work fine with Java 1.7 but no warranty that this won't change in the future.
[13:32:34] [Server thread/INFO]: [MarriageMaster] Config Version: 23 => update needed
[13:32:34] [Server thread/INFO]: [MarriageMaster] Config loaded
[13:32:34] [Server thread/INFO]: [MarriageMaster] Language Version: 18 => no updated needed
[13:32:35] [Thread-15/INFO]: [MarriageMaster] Start downloading update: 1.29.4
[13:32:35] [Thread-15/INFO]: [MarriageMaster] Downloading update: 100% of 184 bytes.
[13:32:35] [Thread-15/WARN]: [MarriageMaster] The auto-updater was able to download the file, but the checksum did not match! Delete file.
[13:32:35] [Thread-15/WARN]: [MarriageMaster] Checksum expected: fbbcdb07db1d7a45061294e7c0adc05c Checksum download: 5e6451a21178636d721d56e56df96e8c
[13:32:35] [Server thread/INFO]: [MarriageMaster] No Permission Plugin found, using default permissions.
[13:32:35] [Server thread/INFO]: [MarriageMaster] Marriage Master has been enabled!
[13:32:35] [Server thread/INFO]: [Modifyworld] Enabling Modifyworld v1.19.7
[13:32:35] [Server thread/INFO]: [Modifyworld] Modifyworld enabled!
[13:32:35] [Server thread/INFO]: [SimpleClans] Enabling SimpleClans v2.4.1
[13:32:35] [Server thread/INFO]: [SimpleClans] SQLite Connection successful[m
[13:32:35] [Server thread/INFO]: [SimpleClans] Clan players: 1[m
[13:32:35] [Server thread/INFO]: [SimpleClans] [AutoUpdate] v1.1 enabled!
[13:32:35] [Server thread/INFO]: [Essentials] Enabling Essentials v2.0.1-b421
[13:32:35] [Server thread/INFO]: Using locale en_US
[13:32:35] [Server thread/INFO]: [Essentials] Using 1.8.3+ BlockStateMeta provider as mob spawner provider.
[13:32:36] [Server thread/INFO]: [Essentials] Using Reflection based provider as spawn egg provider.
[13:32:36] [Server thread/INFO]: [Essentials] Using legacy potion meta provider as potion meta provider.
[13:32:36] [Server thread/INFO]: Using locale en_US
[13:32:36] [Server thread/INFO]: [Essentials] Starting Metrics. Opt-out using the global PluginMetrics config.
[13:32:36] [Server thread/WARN]: [Essentials] Detected supported permissions plugin GroupManager without Vault installed.
[13:32:36] [Server thread/WARN]: [Essentials] Features such as chat prefixes/suffixes and group-related functionality will not work until you install Vault.
[13:32:36] [Server thread/INFO]: [Essentials] Using superperms-based permissions.
[13:32:36] [Server thread/INFO]: [Essentials] Payment method found (iConomy version: 6)
[13:32:36] [Server thread/INFO]: [EssentialsXMPP] Enabling EssentialsXMPP v2.0.1-b421
[13:32:36] [Server thread/WARN]: config broken for xmpp
[13:32:36] [Server thread/INFO]: [ChatManager] Enabling ChatManager v1.19.1
[13:32:36] [Server thread/ERROR]: [ChatManager] PermissionsEx not found, disabling
[13:32:36] [Server thread/INFO]: [ChatManager] Disabling ChatManager v1.19.1
[13:32:36] [Server thread/INFO]: [ChatManager] ChatManager disabled!
[13:32:36] [Server thread/INFO]: [EssentialsProtect] Enabling EssentialsProtect v2.0.1-b421
[13:32:36] [Server thread/INFO]: [EssentialsSpawn] Enabling EssentialsSpawn v2.0.1-b421
[13:32:36] [Server thread/INFO]: [EssentialsGeoIP] Enabling EssentialsGeoIP v2.0.1-b421
[13:32:36] [Server thread/INFO]: [EssentialsGeoIP] This product includes GeoLite data created by MaxMind, available from http://www.maxmind.com/.
[13:32:36] [Server thread/INFO]: [EssentialsAntiBuild] Enabling EssentialsAntiBuild v2.0.1-b421
[13:32:36] [Server thread/INFO]: [EssentialsChat] Enabling EssentialsChat v2.0.1-b421
[13:32:36] [Server thread/INFO]: Server permissions file permissions.yml is empty, ignoring it
[13:32:36] [Server thread/INFO]: Done (11.038s)! For help, type "help" or "?"
[13:32:36] [Server thread/INFO]: GroupManager - INFO - Bukkit Permissions Updated!
[13:32:36] [Craft Scheduler Thread - 1/WARN]: Exception in thread "Craft Scheduler Thread - 1" 
[13:32:36] [Craft Scheduler Thread - 1/WARN]: org.apache.commons.lang.UnhandledException: Plugin SimpleClans v2.4.1 generated an exception while executing task 21
	at org.bukkit.craftbukkit.v1_9_R1.scheduler.CraftAsyncTask.run(CraftAsyncTask.java:56)
	at java.util.concurrent.ThreadPoolExecutor.runWorker(Unknown Source)
	at java.util.concurrent.ThreadPoolExecutor$Worker.run(Unknown Source)
	at java.lang.Thread.run(Unknown Source)
Caused by: java.lang.NoSuchMethodError: org.bukkit.Server.getOnlinePlayers()[Lorg/bukkit/entity/Player;
	at net.sacredlabyrinth.phaed.simpleclans.Metrics.postPlugin(Metrics.java:363)
	at net.sacredlabyrinth.phaed.simpleclans.Metrics.access$500(Metrics.java:68)
	at net.sacredlabyrinth.phaed.simpleclans.Metrics$1.run(Metrics.java:255)
	at org.bukkit.craftbukkit.v1_9_R1.scheduler.CraftTask.run(CraftTask.java:71)
	at org.bukkit.craftbukkit.v1_9_R1.scheduler.CraftAsyncTask.run(CraftAsyncTask.java:53)
	... 3 more

[13:32:36] [Craft Scheduler Thread - 4/WARN]: Exception in thread "Craft Scheduler Thread - 4" 
[13:32:36] [Craft Scheduler Thread - 4/WARN]: org.apache.commons.lang.UnhandledException: Plugin CCLogger v3.3.3 generated an exception while executing task 7
	at org.bukkit.craftbukkit.v1_9_R1.scheduler.CraftAsyncTask.run(CraftAsyncTask.java:56)
	at java.util.concurrent.ThreadPoolExecutor.runWorker(Unknown Source)
	at java.util.concurrent.ThreadPoolExecutor$Worker.run(Unknown Source)
	at java.lang.Thread.run(Unknown Source)
Caused by: java.lang.NoSuchMethodError: org.bukkit.Server.getOnlinePlayers()[Lorg/bukkit/entity/Player;
	at org.mcstats.MetricsLite.postPlugin(MetricsLite.java:285)
	at org.mcstats.MetricsLite.access$200(MetricsLite.java:51)
	at org.mcstats.MetricsLite$1.run(MetricsLite.java:173)
	at org.bukkit.craftbukkit.v1_9_R1.scheduler.CraftTask.run(CraftTask.java:71)
	at org.bukkit.craftbukkit.v1_9_R1.scheduler.CraftAsyncTask.run(CraftAsyncTask.java:53)
	... 3 more

[13:32:36] [Craft Scheduler Thread - 7/WARN]: Exception in thread "Craft Scheduler Thread - 7" 
[13:32:36] [Craft Scheduler Thread - 7/WARN]: org.apache.commons.lang.UnhandledException: Plugin ChestCommands v3.1.4 generated an exception while executing task 14
	at org.bukkit.craftbukkit.v1_9_R1.scheduler.CraftAsyncTask.run(CraftAsyncTask.java:56)
	at java.util.concurrent.ThreadPoolExecutor.runWorker(Unknown Source)
	at java.util.concurrent.ThreadPoolExecutor$Worker.run(Unknown Source)
	at java.lang.Thread.run(Unknown Source)
Caused by: java.lang.NoSuchMethodError: org.bukkit.Server.getOnlinePlayers()[Lorg/bukkit/entity/Player;
	at org.mcstats.MetricsLite.postPlugin(MetricsLite.java:285)
	at org.mcstats.MetricsLite.access$200(MetricsLite.java:51)
	at org.mcstats.MetricsLite$1.run(MetricsLite.java:173)
	at org.bukkit.craftbukkit.v1_9_R1.scheduler.CraftTask.run(CraftTask.java:71)
	at org.bukkit.craftbukkit.v1_9_R1.scheduler.CraftAsyncTask.run(CraftAsyncTask.java:53)
	... 3 more

[13:34:15] [User Authenticator #1/INFO]: UUID of player _S_K_O__B_K_A_ is 35e03586-6958-387c-bb64-441d165a2cfe
[13:34:15] [Server thread/INFO]: [0;36;22m[+] [0;32;1m_S_K_O__B_K_A_[m
[13:34:16] [Server thread/INFO]: _S_K_O__B_K_A_[/192.168.10.109:53575] logged in with entity id 149 at ([world]-188.24485681531172, 75.05123858320391, 179.23899259403436)
[13:34:16] [Server thread/WARN]: [Essentials] Task #35 for Essentials v2.0.1-b421 generated an exception
java.lang.NullPointerException
	at com.earth2me.essentials.xmpp.XMPPManager.updatePresence(XMPPManager.java:148) ~[?:?]
	at com.earth2me.essentials.xmpp.EssentialsXMPP.updatePresence(EssentialsXMPP.java:109) ~[?:?]
	at com.earth2me.essentials.xmpp.EssentialsXMPPPlayerListener$1.run(EssentialsXMPPPlayerListener.java:31) ~[?:?]
	at org.bukkit.craftbukkit.v1_9_R1.scheduler.CraftTask.run(CraftTask.java:71) ~[spigot.jar:git-Spigot-7d15d07-c194444]
	at org.bukkit.craftbukkit.v1_9_R1.scheduler.CraftScheduler.mainThreadHeartbeat(CraftScheduler.java:350) [spigot.jar:git-Spigot-7d15d07-c194444]
	at net.minecraft.server.v1_9_R1.MinecraftServer.D(MinecraftServer.java:724) [spigot.jar:git-Spigot-7d15d07-c194444]
	at net.minecraft.server.v1_9_R1.DedicatedServer.D(DedicatedServer.java:400) [spigot.jar:git-Spigot-7d15d07-c194444]
	at net.minecraft.server.v1_9_R1.MinecraftServer.C(MinecraftServer.java:655) [spigot.jar:git-Spigot-7d15d07-c194444]
	at net.minecraft.server.v1_9_R1.MinecraftServer.run(MinecraftServer.java:554) [spigot.jar:git-Spigot-7d15d07-c194444]
	at java.lang.Thread.run(Unknown Source) [?:1.7.0_71]
[13:34:28] [Server thread/INFO]: _S_K_O__B_K_A_ issued server command: /ן 1
[13:34:33] [Server thread/INFO]: _S_K_O__B_K_A_ issued server command: /gm 1
[13:36:09] [Server thread/INFO]: _S_K_O__B_K_A_ issued server command: //set 0
[13:36:54] [Server thread/INFO]: _S_K_O__B_K_A_ issued server command: //דעגש
[13:37:02] [Server thread/INFO]: _S_K_O__B_K_A_ issued server command: //undo
[13:37:13] [Server thread/INFO]: _S_K_O__B_K_A_ issued server command: //set 0
[13:37:16] [Server thread/INFO]: _S_K_O__B_K_A_ issued server command: //undo
[13:38:18] [Server thread/INFO]: _S_K_O__B_K_A_ issued server command: /give 56
[13:38:18] [Server thread/ERROR]: Could not pass event PlayerCommandPreprocessEvent to CCLogger v3.3.3
org.bukkit.event.EventException
	at org.bukkit.plugin.java.JavaPluginLoader$1.execute(JavaPluginLoader.java:310) ~[spigot.jar:git-Spigot-7d15d07-c194444]
	at org.bukkit.plugin.RegisteredListener.callEvent(RegisteredListener.java:62) ~[spigot.jar:git-Spigot-7d15d07-c194444]
	at org.bukkit.plugin.SimplePluginManager.fireEvent(SimplePluginManager.java:502) [spigot.jar:git-Spigot-7d15d07-c194444]
	at org.bukkit.plugin.SimplePluginManager.callEvent(SimplePluginManager.java:487) [spigot.jar:git-Spigot-7d15d07-c194444]
	at net.minecraft.server.v1_9_R1.PlayerConnection.handleCommand(PlayerConnection.java:1294) [spigot.jar:git-Spigot-7d15d07-c194444]
	at net.minecraft.server.v1_9_R1.PlayerConnection.a(PlayerConnection.java:1137) [spigot.jar:git-Spigot-7d15d07-c194444]
	at net.minecraft.server.v1_9_R1.PacketPlayInChat.a(PacketPlayInChat.java:45) [spigot.jar:git-Spigot-7d15d07-c194444]
	at net.minecraft.server.v1_9_R1.PacketPlayInChat.a(PacketPlayInChat.java:1) [spigot.jar:git-Spigot-7d15d07-c194444]
	at net.minecraft.server.v1_9_R1.PlayerConnectionUtils$1.run(SourceFile:13) [spigot.jar:git-Spigot-7d15d07-c194444]
	at java.util.concurrent.Executors$RunnableAdapter.call(Unknown Source) [?:1.7.0_71]
	at java.util.concurrent.FutureTask.run(Unknown Source) [?:1.7.0_71]
	at net.minecraft.server.v1_9_R1.SystemUtils.a(SourceFile:45) [spigot.jar:git-Spigot-7d15d07-c194444]
	at net.minecraft.server.v1_9_R1.MinecraftServer.D(MinecraftServer.java:716) [spigot.jar:git-Spigot-7d15d07-c194444]
	at net.minecraft.server.v1_9_R1.DedicatedServer.D(DedicatedServer.java:400) [spigot.jar:git-Spigot-7d15d07-c194444]
	at net.minecraft.server.v1_9_R1.MinecraftServer.C(MinecraftServer.java:655) [spigot.jar:git-Spigot-7d15d07-c194444]
	at net.minecraft.server.v1_9_R1.MinecraftServer.run(MinecraftServer.java:554) [spigot.jar:git-Spigot-7d15d07-c194444]
	at java.lang.Thread.run(Unknown Source) [?:1.7.0_71]
Caused by: java.lang.NoSuchMethodError: org.bukkit.Server.getOnlinePlayers()[Lorg/bukkit/entity/Player;
	at me.alrik94.plugins.cclogger.Notifier.notifyPlayer(Notifier.java:15) ~[?:?]
	at me.alrik94.plugins.cclogger.CommandLogger.processInformation(CommandLogger.java:91) ~[?:?]
	at me.alrik94.plugins.cclogger.CommandLogger.onPlayerCommandPreprocess(CommandLogger.java:60) ~[?:?]
	at sun.reflect.NativeMethodAccessorImpl.invoke0(Native Method) ~[?:1.7.0_71]
	at sun.reflect.NativeMethodAccessorImpl.invoke(Unknown Source) ~[?:1.7.0_71]
	at sun.reflect.DelegatingMethodAccessorImpl.invoke(Unknown Source) ~[?:1.7.0_71]
	at java.lang.reflect.Method.invoke(Unknown Source) ~[?:1.7.0_71]
	at org.bukkit.plugin.java.JavaPluginLoader$1.execute(JavaPluginLoader.java:306) ~[spigot.jar:git-Spigot-7d15d07-c194444]
	... 16 more
[13:38:28] [Server thread/INFO]: _S_K_O__B_K_A_ issued server command: /give _S_K_O__B_K_A_ 56
[13:38:28] [Server thread/ERROR]: Could not pass event PlayerCommandPreprocessEvent to CCLogger v3.3.3
org.bukkit.event.EventException
	at org.bukkit.plugin.java.JavaPluginLoader$1.execute(JavaPluginLoader.java:310) ~[spigot.jar:git-Spigot-7d15d07-c194444]
	at org.bukkit.plugin.RegisteredListener.callEvent(RegisteredListener.java:62) ~[spigot.jar:git-Spigot-7d15d07-c194444]
	at org.bukkit.plugin.SimplePluginManager.fireEvent(SimplePluginManager.java:502) [spigot.jar:git-Spigot-7d15d07-c194444]
	at org.bukkit.plugin.SimplePluginManager.callEvent(SimplePluginManager.java:487) [spigot.jar:git-Spigot-7d15d07-c194444]
	at net.minecraft.server.v1_9_R1.PlayerConnection.handleCommand(PlayerConnection.java:1294) [spigot.jar:git-Spigot-7d15d07-c194444]
	at net.minecraft.server.v1_9_R1.PlayerConnection.a(PlayerConnection.java:1137) [spigot.jar:git-Spigot-7d15d07-c194444]
	at net.minecraft.server.v1_9_R1.PacketPlayInChat.a(PacketPlayInChat.java:45) [spigot.jar:git-Spigot-7d15d07-c194444]
	at net.minecraft.server.v1_9_R1.PacketPlayInChat.a(PacketPlayInChat.java:1) [spigot.jar:git-Spigot-7d15d07-c194444]
	at net.minecraft.server.v1_9_R1.PlayerConnectionUtils$1.run(SourceFile:13) [spigot.jar:git-Spigot-7d15d07-c194444]
	at java.util.concurrent.Executors$RunnableAdapter.call(Unknown Source) [?:1.7.0_71]
	at java.util.concurrent.FutureTask.run(Unknown Source) [?:1.7.0_71]
	at net.minecraft.server.v1_9_R1.SystemUtils.a(SourceFile:45) [spigot.jar:git-Spigot-7d15d07-c194444]
	at net.minecraft.server.v1_9_R1.MinecraftServer.D(MinecraftServer.java:716) [spigot.jar:git-Spigot-7d15d07-c194444]
	at net.minecraft.server.v1_9_R1.DedicatedServer.D(DedicatedServer.java:400) [spigot.jar:git-Spigot-7d15d07-c194444]
	at net.minecraft.server.v1_9_R1.MinecraftServer.C(MinecraftServer.java:655) [spigot.jar:git-Spigot-7d15d07-c194444]
	at net.minecraft.server.v1_9_R1.MinecraftServer.run(MinecraftServer.java:554) [spigot.jar:git-Spigot-7d15d07-c194444]
	at java.lang.Thread.run(Unknown Source) [?:1.7.0_71]
Caused by: java.lang.NoSuchMethodError: org.bukkit.Server.getOnlinePlayers()[Lorg/bukkit/entity/Player;
	at me.alrik94.plugins.cclogger.Notifier.notifyPlayer(Notifier.java:15) ~[?:?]
	at me.alrik94.plugins.cclogger.CommandLogger.processInformation(CommandLogger.java:91) ~[?:?]
	at me.alrik94.plugins.cclogger.CommandLogger.onPlayerCommandPreprocess(CommandLogger.java:60) ~[?:?]
	at sun.reflect.NativeMethodAccessorImpl.invoke0(Native Method) ~[?:1.7.0_71]
	at sun.reflect.NativeMethodAccessorImpl.invoke(Unknown Source) ~[?:1.7.0_71]
	at sun.reflect.DelegatingMethodAccessorImpl.invoke(Unknown Source) ~[?:1.7.0_71]
	at java.lang.reflect.Method.invoke(Unknown Source) ~[?:1.7.0_71]
	at org.bukkit.plugin.java.JavaPluginLoader$1.execute(JavaPluginLoader.java:306) ~[spigot.jar:git-Spigot-7d15d07-c194444]
	... 16 more
[13:39:22] [Server thread/INFO]: _S_K_O__B_K_A_ lost connection: Disconnected
[13:39:22] [Server thread/INFO]: [0;36;22m[-] [0;31;1m_S_K_O__B_K_A_[m
[13:39:22] [Server thread/WARN]: [Essentials] Task #90 for Essentials v2.0.1-b421 generated an exception
java.lang.NullPointerException
	at com.earth2me.essentials.xmpp.XMPPManager.updatePresence(XMPPManager.java:144) ~[?:?]
	at com.earth2me.essentials.xmpp.EssentialsXMPP.updatePresence(EssentialsXMPP.java:109) ~[?:?]
	at com.earth2me.essentials.xmpp.EssentialsXMPPPlayerListener$2.run(EssentialsXMPPPlayerListener.java:51) ~[?:?]
	at org.bukkit.craftbukkit.v1_9_R1.scheduler.CraftTask.run(CraftTask.java:71) ~[spigot.jar:git-Spigot-7d15d07-c194444]
	at org.bukkit.craftbukkit.v1_9_R1.scheduler.CraftScheduler.mainThreadHeartbeat(CraftScheduler.java:350) [spigot.jar:git-Spigot-7d15d07-c194444]
	at net.minecraft.server.v1_9_R1.MinecraftServer.D(MinecraftServer.java:724) [spigot.jar:git-Spigot-7d15d07-c194444]
	at net.minecraft.server.v1_9_R1.DedicatedServer.D(DedicatedServer.java:400) [spigot.jar:git-Spigot-7d15d07-c194444]
	at net.minecraft.server.v1_9_R1.MinecraftServer.C(MinecraftServer.java:655) [spigot.jar:git-Spigot-7d15d07-c194444]
	at net.minecraft.server.v1_9_R1.MinecraftServer.run(MinecraftServer.java:554) [spigot.jar:git-Spigot-7d15d07-c194444]
	at java.lang.Thread.run(Unknown Source) [?:1.7.0_71]
[13:39:30] [User Authenticator #2/INFO]: UUID of player _S_K_O__B_K_A_ is 35e03586-6958-387c-bb64-441d165a2cfe
[13:39:30] [Server thread/INFO]: [0;36;22m[+] [0;32;1m_S_K_O__B_K_A_[m
[13:39:31] [Server thread/INFO]: _S_K_O__B_K_A_[/192.168.10.109:53963] logged in with entity id 292 at ([world]-189.8817228038341, 74.0, 186.29540445411965)
[13:39:31] [Server thread/WARN]: [Essentials] Task #96 for Essentials v2.0.1-b421 generated an exception
java.lang.NullPointerException
	at com.earth2me.essentials.xmpp.XMPPManager.updatePresence(XMPPManager.java:148) ~[?:?]
	at com.earth2me.essentials.xmpp.EssentialsXMPP.updatePresence(EssentialsXMPP.java:109) ~[?:?]
	at com.earth2me.essentials.xmpp.EssentialsXMPPPlayerListener$1.run(EssentialsXMPPPlayerListener.java:31) ~[?:?]
	at org.bukkit.craftbukkit.v1_9_R1.scheduler.CraftTask.run(CraftTask.java:71) ~[spigot.jar:git-Spigot-7d15d07-c194444]
	at org.bukkit.craftbukkit.v1_9_R1.scheduler.CraftScheduler.mainThreadHeartbeat(CraftScheduler.java:350) [spigot.jar:git-Spigot-7d15d07-c194444]
	at net.minecraft.server.v1_9_R1.MinecraftServer.D(MinecraftServer.java:724) [spigot.jar:git-Spigot-7d15d07-c194444]
	at net.minecraft.server.v1_9_R1.DedicatedServer.D(DedicatedServer.java:400) [spigot.jar:git-Spigot-7d15d07-c194444]
	at net.minecraft.server.v1_9_R1.MinecraftServer.C(MinecraftServer.java:655) [spigot.jar:git-Spigot-7d15d07-c194444]
	at net.minecraft.server.v1_9_R1.MinecraftServer.run(MinecraftServer.java:554) [spigot.jar:git-Spigot-7d15d07-c194444]
	at java.lang.Thread.run(Unknown Source) [?:1.7.0_71]
[13:39:43] [Server thread/INFO]: _S_K_O__B_K_A_ lost connection: Disconnected
[13:39:43] [Server thread/INFO]: [0;36;22m[-] [0;31;1m_S_K_O__B_K_A_[m
[13:39:44] [Server thread/WARN]: [Essentials] Task #102 for Essentials v2.0.1-b421 generated an exception
java.lang.NullPointerException
	at com.earth2me.essentials.xmpp.XMPPManager.updatePresence(XMPPManager.java:144) ~[?:?]
	at com.earth2me.essentials.xmpp.EssentialsXMPP.updatePresence(EssentialsXMPP.java:109) ~[?:?]
	at com.earth2me.essentials.xmpp.EssentialsXMPPPlayerListener$2.run(EssentialsXMPPPlayerListener.java:51) ~[?:?]
	at org.bukkit.craftbukkit.v1_9_R1.scheduler.CraftTask.run(CraftTask.java:71) ~[spigot.jar:git-Spigot-7d15d07-c194444]
	at org.bukkit.craftbukkit.v1_9_R1.scheduler.CraftScheduler.mainThreadHeartbeat(CraftScheduler.java:350) [spigot.jar:git-Spigot-7d15d07-c194444]
	at net.minecraft.server.v1_9_R1.MinecraftServer.D(MinecraftServer.java:724) [spigot.jar:git-Spigot-7d15d07-c194444]
	at net.minecraft.server.v1_9_R1.DedicatedServer.D(DedicatedServer.java:400) [spigot.jar:git-Spigot-7d15d07-c194444]
	at net.minecraft.server.v1_9_R1.MinecraftServer.C(MinecraftServer.java:655) [spigot.jar:git-Spigot-7d15d07-c194444]
	at net.minecraft.server.v1_9_R1.MinecraftServer.run(MinecraftServer.java:554) [spigot.jar:git-Spigot-7d15d07-c194444]
	at java.lang.Thread.run(Unknown Source) [?:1.7.0_71]
[13:39:47] [User Authenticator #3/INFO]: UUID of player _S_K_O__B_K_A_ is 35e03586-6958-387c-bb64-441d165a2cfe
[13:39:47] [Server thread/INFO]: [0;36;22m[+] [0;32;1m_S_K_O__B_K_A_[m
[13:39:47] [Server thread/INFO]: _S_K_O__B_K_A_[/192.168.10.109:53995] logged in with entity id 315 at ([world]-189.8817228038341, 74.0, 186.29540445411965)
[13:39:47] [Server thread/WARN]: [Essentials] Task #108 for Essentials v2.0.1-b421 generated an exception
java.lang.NullPointerException
	at com.earth2me.essentials.xmpp.XMPPManager.updatePresence(XMPPManager.java:148) ~[?:?]
	at com.earth2me.essentials.xmpp.EssentialsXMPP.updatePresence(EssentialsXMPP.java:109) ~[?:?]
	at com.earth2me.essentials.xmpp.EssentialsXMPPPlayerListener$1.run(EssentialsXMPPPlayerListener.java:31) ~[?:?]
	at org.bukkit.craftbukkit.v1_9_R1.scheduler.CraftTask.run(CraftTask.java:71) ~[spigot.jar:git-Spigot-7d15d07-c194444]
	at org.bukkit.craftbukkit.v1_9_R1.scheduler.CraftScheduler.mainThreadHeartbeat(CraftScheduler.java:350) [spigot.jar:git-Spigot-7d15d07-c194444]
	at net.minecraft.server.v1_9_R1.MinecraftServer.D(MinecraftServer.java:724) [spigot.jar:git-Spigot-7d15d07-c194444]
	at net.minecraft.server.v1_9_R1.DedicatedServer.D(DedicatedServer.java:400) [spigot.jar:git-Spigot-7d15d07-c194444]
	at net.minecraft.server.v1_9_R1.MinecraftServer.C(MinecraftServer.java:655) [spigot.jar:git-Spigot-7d15d07-c194444]
	at net.minecraft.server.v1_9_R1.MinecraftServer.run(MinecraftServer.java:554) [spigot.jar:git-Spigot-7d15d07-c194444]
	at java.lang.Thread.run(Unknown Source) [?:1.7.0_71]
[13:40:02] [Server thread/INFO]: _S_K_O__B_K_A_ lost connection: Disconnected
[13:40:02] [Server thread/INFO]: [0;36;22m[-] [0;31;1m_S_K_O__B_K_A_[m
[13:40:03] [Server thread/WARN]: [Essentials] Task #114 for Essentials v2.0.1-b421 generated an exception
java.lang.NullPointerException
	at com.earth2me.essentials.xmpp.XMPPManager.updatePresence(XMPPManager.java:144) ~[?:?]
	at com.earth2me.essentials.xmpp.EssentialsXMPP.updatePresence(EssentialsXMPP.java:109) ~[?:?]
	at com.earth2me.essentials.xmpp.EssentialsXMPPPlayerListener$2.run(EssentialsXMPPPlayerListener.java:51) ~[?:?]
	at org.bukkit.craftbukkit.v1_9_R1.scheduler.CraftTask.run(CraftTask.java:71) ~[spigot.jar:git-Spigot-7d15d07-c194444]
	at org.bukkit.craftbukkit.v1_9_R1.scheduler.CraftScheduler.mainThreadHeartbeat(CraftScheduler.java:350) [spigot.jar:git-Spigot-7d15d07-c194444]
	at net.minecraft.server.v1_9_R1.MinecraftServer.D(MinecraftServer.java:724) [spigot.jar:git-Spigot-7d15d07-c194444]
	at net.minecraft.server.v1_9_R1.DedicatedServer.D(DedicatedServer.java:400) [spigot.jar:git-Spigot-7d15d07-c194444]
	at net.minecraft.server.v1_9_R1.MinecraftServer.C(MinecraftServer.java:655) [spigot.jar:git-Spigot-7d15d07-c194444]
	at net.minecraft.server.v1_9_R1.MinecraftServer.run(MinecraftServer.java:554) [spigot.jar:git-Spigot-7d15d07-c194444]
	at java.lang.Thread.run(Unknown Source) [?:1.7.0_71]
[13:40:05] [User Authenticator #4/INFO]: UUID of player _S_K_O__B_K_A_ is 35e03586-6958-387c-bb64-441d165a2cfe
[13:40:06] [Server thread/INFO]: [0;36;22m[+] [0;32;1m_S_K_O__B_K_A_[m
[13:40:06] [Server thread/INFO]: _S_K_O__B_K_A_[/192.168.10.109:54036] logged in with entity id 335 at ([world]-189.8817228038341, 74.0, 186.29540445411965)
[13:40:06] [Server thread/WARN]: [Essentials] Task #120 for Essentials v2.0.1-b421 generated an exception
java.lang.NullPointerException
	at com.earth2me.essentials.xmpp.XMPPManager.updatePresence(XMPPManager.java:148) ~[?:?]
	at com.earth2me.essentials.xmpp.EssentialsXMPP.updatePresence(EssentialsXMPP.java:109) ~[?:?]
	at com.earth2me.essentials.xmpp.EssentialsXMPPPlayerListener$1.run(EssentialsXMPPPlayerListener.java:31) ~[?:?]
	at org.bukkit.craftbukkit.v1_9_R1.scheduler.CraftTask.run(CraftTask.java:71) ~[spigot.jar:git-Spigot-7d15d07-c194444]
	at org.bukkit.craftbukkit.v1_9_R1.scheduler.CraftScheduler.mainThreadHeartbeat(CraftScheduler.java:350) [spigot.jar:git-Spigot-7d15d07-c194444]
	at net.minecraft.server.v1_9_R1.MinecraftServer.D(MinecraftServer.java:724) [spigot.jar:git-Spigot-7d15d07-c194444]
	at net.minecraft.server.v1_9_R1.DedicatedServer.D(DedicatedServer.java:400) [spigot.jar:git-Spigot-7d15d07-c194444]
	at net.minecraft.server.v1_9_R1.MinecraftServer.C(MinecraftServer.java:655) [spigot.jar:git-Spigot-7d15d07-c194444]
	at net.minecraft.server.v1_9_R1.MinecraftServer.run(MinecraftServer.java:554) [spigot.jar:git-Spigot-7d15d07-c194444]
	at java.lang.Thread.run(Unknown Source) [?:1.7.0_71]
[13:40:30] [Server thread/INFO]: _S_K_O__B_K_A_ lost connection: Disconnected
[13:40:30] [Server thread/INFO]: [0;36;22m[-] [0;31;1m_S_K_O__B_K_A_[m
[13:40:30] [Server thread/WARN]: [Essentials] Task #126 for Essentials v2.0.1-b421 generated an exception
java.lang.NullPointerException
	at com.earth2me.essentials.xmpp.XMPPManager.updatePresence(XMPPManager.java:144) ~[?:?]
	at com.earth2me.essentials.xmpp.EssentialsXMPP.updatePresence(EssentialsXMPP.java:109) ~[?:?]
	at com.earth2me.essentials.xmpp.EssentialsXMPPPlayerListener$2.run(EssentialsXMPPPlayerListener.java:51) ~[?:?]
	at org.bukkit.craftbukkit.v1_9_R1.scheduler.CraftTask.run(CraftTask.java:71) ~[spigot.jar:git-Spigot-7d15d07-c194444]
	at org.bukkit.craftbukkit.v1_9_R1.scheduler.CraftScheduler.mainThreadHeartbeat(CraftScheduler.java:350) [spigot.jar:git-Spigot-7d15d07-c194444]
	at net.minecraft.server.v1_9_R1.MinecraftServer.D(MinecraftServer.java:724) [spigot.jar:git-Spigot-7d15d07-c194444]
	at net.minecraft.server.v1_9_R1.DedicatedServer.D(DedicatedServer.java:400) [spigot.jar:git-Spigot-7d15d07-c194444]
	at net.minecraft.server.v1_9_R1.MinecraftServer.C(MinecraftServer.java:655) [spigot.jar:git-Spigot-7d15d07-c194444]
	at net.minecraft.server.v1_9_R1.MinecraftServer.run(MinecraftServer.java:554) [spigot.jar:git-Spigot-7d15d07-c194444]
	at java.lang.Thread.run(Unknown Source) [?:1.7.0_71]
[13:42:04] [User Authenticator #5/INFO]: UUID of player _S_K_O__B_K_A_ is 35e03586-6958-387c-bb64-441d165a2cfe
[13:42:04] [Server thread/INFO]: [0;36;22m[+] [0;32;1m_S_K_O__B_K_A_[m
[13:42:04] [Server thread/INFO]: _S_K_O__B_K_A_[/192.168.10.109:54205] logged in with entity id 360 at ([world]-189.8817228038341, 74.0, 186.29540445411965)
[13:42:04] [Server thread/WARN]: [Essentials] Task #132 for Essentials v2.0.1-b421 generated an exception
java.lang.NullPointerException
	at com.earth2me.essentials.xmpp.XMPPManager.updatePresence(XMPPManager.java:148) ~[?:?]
	at com.earth2me.essentials.xmpp.EssentialsXMPP.updatePresence(EssentialsXMPP.java:109) ~[?:?]
	at com.earth2me.essentials.xmpp.EssentialsXMPPPlayerListener$1.run(EssentialsXMPPPlayerListener.java:31) ~[?:?]
	at org.bukkit.craftbukkit.v1_9_R1.scheduler.CraftTask.run(CraftTask.java:71) ~[spigot.jar:git-Spigot-7d15d07-c194444]
	at org.bukkit.craftbukkit.v1_9_R1.scheduler.CraftScheduler.mainThreadHeartbeat(CraftScheduler.java:350) [spigot.jar:git-Spigot-7d15d07-c194444]
	at net.minecraft.server.v1_9_R1.MinecraftServer.D(MinecraftServer.java:724) [spigot.jar:git-Spigot-7d15d07-c194444]
	at net.minecraft.server.v1_9_R1.DedicatedServer.D(DedicatedServer.java:400) [spigot.jar:git-Spigot-7d15d07-c194444]
	at net.minecraft.server.v1_9_R1.MinecraftServer.C(MinecraftServer.java:655) [spigot.jar:git-Spigot-7d15d07-c194444]
	at net.minecraft.server.v1_9_R1.MinecraftServer.run(MinecraftServer.java:554) [spigot.jar:git-Spigot-7d15d07-c194444]
	at java.lang.Thread.run(Unknown Source) [?:1.7.0_71]
[13:42:32] [pool-6-thread-1/INFO]: GroupManager - INFO -  Data files refreshed.
[13:42:40] [Craft Scheduler Thread - 29/WARN]: Exception in thread "Craft Scheduler Thread - 29" 
[13:42:40] [Craft Scheduler Thread - 26/WARN]: Exception in thread "Craft Scheduler Thread - 26" 
[13:42:40] [Craft Scheduler Thread - 26/WARN]: org.apache.commons.lang.UnhandledException: Plugin SimpleClans v2.4.1 generated an exception while executing task 21
	at org.bukkit.craftbukkit.v1_9_R1.scheduler.CraftAsyncTask.run(CraftAsyncTask.java:56)
	at java.util.concurrent.ThreadPoolExecutor.runWorker(Unknown Source)
	at java.util.concurrent.ThreadPoolExecutor$Worker.run(Unknown Source)
	at java.lang.Thread.run(Unknown Source)
Caused by: java.lang.NoSuchMethodError: org.bukkit.Server.getOnlinePlayers()[Lorg/bukkit/entity/Player;
	at net.sacredlabyrinth.phaed.simpleclans.Metrics.postPlugin(Metrics.java:363)
	at net.sacredlabyrinth.phaed.simpleclans.Metrics.access$500(Metrics.java:68)
	at net.sacredlabyrinth.phaed.simpleclans.Metrics$1.run(Metrics.java:255)
	at org.bukkit.craftbukkit.v1_9_R1.scheduler.CraftTask.run(CraftTask.java:71)
	at org.bukkit.craftbukkit.v1_9_R1.scheduler.CraftAsyncTask.run(CraftAsyncTask.java:53)
	... 3 more

[13:42:40] [Craft Scheduler Thread - 29/WARN]: org.apache.commons.lang.UnhandledException: Plugin ChestCommands v3.1.4 generated an exception while executing task 14
	at org.bukkit.craftbukkit.v1_9_R1.scheduler.CraftAsyncTask.run(CraftAsyncTask.java:56)
	at java.util.concurrent.ThreadPoolExecutor.runWorker(Unknown Source)
	at java.util.concurrent.ThreadPoolExecutor$Worker.run(Unknown Source)
	at java.lang.Thread.run(Unknown Source)
Caused by: java.lang.NoSuchMethodError: org.bukkit.Server.getOnlinePlayers()[Lorg/bukkit/entity/Player;
	at org.mcstats.MetricsLite.postPlugin(MetricsLite.java:285)
	at org.mcstats.MetricsLite.access$200(MetricsLite.java:51)
	at org.mcstats.MetricsLite$1.run(MetricsLite.java:173)
	at org.bukkit.craftbukkit.v1_9_R1.scheduler.CraftTask.run(CraftTask.java:71)
	at org.bukkit.craftbukkit.v1_9_R1.scheduler.CraftAsyncTask.run(CraftAsyncTask.java:53)
	... 3 more

[13:42:40] [Craft Scheduler Thread - 28/WARN]: Exception in thread "Craft Scheduler Thread - 28" 
[13:42:40] [Craft Scheduler Thread - 28/WARN]: org.apache.commons.lang.UnhandledException: Plugin CCLogger v3.3.3 generated an exception while executing task 7
	at org.bukkit.craftbukkit.v1_9_R1.scheduler.CraftAsyncTask.run(CraftAsyncTask.java:56)
	at java.util.concurrent.ThreadPoolExecutor.runWorker(Unknown Source)
	at java.util.concurrent.ThreadPoolExecutor$Worker.run(Unknown Source)
	at java.lang.Thread.run(Unknown Source)
Caused by: java.lang.NoSuchMethodError: org.bukkit.Server.getOnlinePlayers()[Lorg/bukkit/entity/Player;
	at org.mcstats.MetricsLite.postPlugin(MetricsLite.java:285)
	at org.mcstats.MetricsLite.access$200(MetricsLite.java:51)
	at org.mcstats.MetricsLite$1.run(MetricsLite.java:173)
	at org.bukkit.craftbukkit.v1_9_R1.scheduler.CraftTask.run(CraftTask.java:71)
	at org.bukkit.craftbukkit.v1_9_R1.scheduler.CraftAsyncTask.run(CraftAsyncTask.java:53)
	... 3 more

[13:43:16] [Server thread/INFO]: _S_K_O__B_K_A_ issued server command: /set 2
[13:43:20] [Server thread/INFO]: _S_K_O__B_K_A_ issued server command: //set 2
[13:43:23] [Server thread/INFO]: _S_K_O__B_K_A_ issued server command: //set 3
[13:43:25] [Server thread/INFO]: _S_K_O__B_K_A_ issued server command: //set 4
[13:43:27] [Server thread/INFO]: _S_K_O__B_K_A_ issued server command: //set 5
